EmployeeDirectory/app/build/outputs/apk/manifest-merger-debug-report.txt
-- Merging decision tree log ---
manifest
ADDED from AndroidManifest.xml:2:1
	package
		ADDED from AndroidManifest.xml:3:5
		INJECTED from AndroidManifest.xml:0:0
		INJECTED from AndroidManifest.xml:0:0
	android:versionName
		ADDED from AndroidManifest.xml:5:5
	android:versionCode
		ADDED from AndroidManifest.xml:4:5
		INJECTED from AndroidManifest.xml:0:0
		INJECTED from AndroidManifest.xml:0:0
	xmlns:android
		ADDED from AndroidManifest.xml:2:11
uses-sdk
ADDED from AndroidManifest.xml:7:5
MERGED from com.android.support:appcompat-v7:21.0.3:15:5
MERGED from com.android.support:support-v4:21.0.3:15:5
MERGED from com.android.support:support-v4:21.0.3:15:5
	android:targetSdkVersion
		ADDED from AndroidManifest.xml:9:9
		INJECTED from AndroidManifest.xml:0:0
		INJECTED from AndroidManifest.xml:0:0
	android:minSdkVersion
		ADDED from AndroidManifest.xml:8:9
		INJECTED from AndroidManifest.xml:0:0
		INJECTED from AndroidManifest.xml:0:0
uses-feature#android.hardware.camera
ADDED from AndroidManifest.xml:10:5
	android:name
		ADDED from AndroidManifest.xml:10:19
application
ADDED from AndroidManifest.xml:12:5
MERGED from com.android.support:appcompat-v7:21.0.3:16:5
MERGED from com.android.support:support-v4:21.0.3:16:5
MERGED from com.android.support:support-v4:21.0.3:16:5
	android:label
		ADDED from AndroidManifest.xml:15:9
	android:allowBackup
		ADDED from AndroidManifest.xml:13:9
	android:icon
		ADDED from AndroidManifest.xml:14:9
	android:theme
		ADDED from AndroidManifest.xml:16:9
activity#com.example.employeedirectory.EmployeeMain
ADDED from AndroidManifest.xml:17:9
	android:label
		ADDED from AndroidManifest.xml:19:13
	android:name
		ADDED from AndroidManifest.xml:18:13
intent-filter#android.intent.action.MAIN+android.intent.category.LAUNCHER
ADDED from AndroidManifest.xml:20:13
action#android.intent.action.MAIN
ADDED from AndroidManifest.xml:21:17
	android:name
		ADDED from AndroidManifest.xml:21:25
category#android.intent.category.LAUNCHER
ADDED from AndroidManifest.xml:23:17
	android:name
		ADDED from AndroidManifest.xml:23:27
activity#com.example.employeedirectory.EmployeeList
ADDED from AndroidManifest.xml:26:9
	android:name
		ADDED from AndroidManifest.xml:26:19
activity#com.example.employeedirectory.EmployeesList
ADDED from AndroidManifest.xml:27:9
	android:name
		ADDED from AndroidManifest.xml:27:19
activity#com.example.employeedirectory.EmployeeCreate
ADDED from AndroidManifest.xml:28:9
	android:name
		ADDED from AndroidManifest.xml:28:19
activity#com.example.employeedirectory.EmployeeDetails
ADDED from AndroidManifest.xml:29:9
	android:name
		ADDED from AndroidManifest.xml:29:19
activity#com.example.employeedirectory.EmployeeEdit
ADDED from AndroidManifest.xml:30:9
	android:name
		ADDED from AndroidManifest.xml:30:19
activity#com.example.employeedirectory.EmployeeImage
ADDED from AndroidManifest.xml:31:9
	android:name
		ADDED from AndroidManifest.xml:31:19